\BOOKMARK [-1][-]{part.1}{I Domaine d'\351tude et \351tat de l'art}{}% 1
\BOOKMARK [0][-]{chapter.1}{Tables interactives et Migration d'UI}{part.1}% 2
\BOOKMARK [1][-]{section.1.1}{Motivations}{chapter.1}% 3
\BOOKMARK [2][-]{subsection.1.1.1}{Cas de l'application CBA}{section.1.1}% 4
\BOOKMARK [2][-]{subsection.1.1.2}{Probl\351matiques li\351es \340 la migration des UI}{section.1.1}% 5
\BOOKMARK [2][-]{subsection.1.1.3}{Probl\351matiques li\351es \340 la migration d'UI vers une table interactive}{section.1.1}% 6
\BOOKMARK [1][-]{section.1.2}{Sp\351cificit\351s de la migration d'UI vers les tables interactives}{chapter.1}% 7
\BOOKMARK [2][-]{subsection.1.2.1}{Mod\350le d'interactions d'une table interactive}{section.1.2}% 8
\BOOKMARK [2][-]{subsection.1.2.2}{Propri\351t\351s caract\351ristiques du mod\350le d'interactions des tables interactives }{section.1.2}% 9
\BOOKMARK [2][-]{subsection.1.2.3}{Principes de conception d'UI pour les tables interactives}{section.1.2}% 10
\BOOKMARK [1][-]{section.1.3}{Concepts pour la migration d'UI}{chapter.1}% 11
\BOOKMARK [2][-]{subsection.1.3.1}{Architecture des applications \340 migrer}{section.1.3}% 12
\BOOKMARK [2][-]{subsection.1.3.2}{Mod\350le d'interactions abstraites}{section.1.3}% 13
\BOOKMARK [1][-]{section.1.4}{Conclusion}{chapter.1}% 14
\BOOKMARK [0][-]{chapter.2}{Approches de migration d'UI}{part.1}% 15
\BOOKMARK [1][-]{section.2.1}{Introduction}{chapter.2}% 16
\BOOKMARK [1][-]{section.2.2}{Approches sp\351cifiques de migration d'UI }{chapter.2}% 17
\BOOKMARK [2][-]{subsection.2.2.1}{Migration de l'application AgilePlanner vers une table interactive}{section.2.2}% 18
\BOOKMARK [2][-]{subsection.2.2.2}{Portage des applications existantes sur des tables interactives }{section.2.2}% 19
\BOOKMARK [1][-]{section.2.3}{Approches de migration bas\351es sur les mod\350les de l'UI }{chapter.2}% 20
\BOOKMARK [2][-]{subsection.2.3.1}{Migration avec MORPH}{section.2.3}% 21
\BOOKMARK [2][-]{subsection.2.3.2}{Approches de migration automatiques d'UI}{section.2.3}% 22
\BOOKMARK [1][-]{section.2.4}{Synth\350se et objectifs}{chapter.2}% 23
\BOOKMARK [2][-]{subsection.2.4.1}{Synth\350se}{section.2.4}% 24
\BOOKMARK [2][-]{subsection.2.4.2}{Objectifs}{section.2.4}% 25
\BOOKMARK [-1][-]{part.2}{II Contributions}{}% 26
\BOOKMARK [0][-]{chapter.3}{Mod\351lisation des interactions abstraites }{part.2}% 27
\BOOKMARK [0][-]{chapter.4}{Prise en compte des guidelines }{part.2}% 28
\BOOKMARK [0][-]{chapter.5}{Prototype}{part.2}% 29
\BOOKMARK [-1][-]{part.3}{III Conclusion et Perspectives}{}% 30
\BOOKMARK [0][-]{chapter.6}{Conclusion}{part.3}% 31
