This is pdfTeX, Version 3.1415926-2.3-1.40.12 (MiKTeX 2.9) (preloaded format=latex 2012.6.4)  14 DEC 2012 12:33
entering extended mode
**these.tex
(C:\Users\kalawa\Documents\These\Manuscrit\ThesesLatex\these.tex
LaTeX2e <2011/06/27>
Babel <v3.8m> and hyphenation patterns for english, afrikaans, ancientgreek, ar
abic, armenian, assamese, basque, bengali, bokmal, bulgarian, catalan, coptic, 
croatian, czech, danish, dutch, esperanto, estonian, farsi, finnish, french, ga
lician, german, german-x-2009-06-19, greek, gujarati, hindi, hungarian, iceland
ic, indonesian, interlingua, irish, italian, kannada, kurmanji, lao, latin, lat
vian, lithuanian, malayalam, marathi, mongolian, mongolianlmc, monogreek, ngerm
an, ngerman-x-2009-06-19, nynorsk, oriya, panjabi, pinyin, polish, portuguese, 
romanian, russian, sanskrit, serbian, slovak, slovenian, spanish, swedish, swis
sgerman, tamil, telugu, turkish, turkmen, ukenglish, ukrainian, uppersorbian, u
senglishmax, welsh, loaded.
(C:\Users\kalawa\Documents\These\Manuscrit\ThesesLatex\StyleThese.cls
Document Class: StyleThese 2004/02/16 v1.4f Standard LaTeX document class
("C:\Program Files\MiKTeX 2.9\tex\latex\base\bk11.clo"
File: bk11.clo 2007/10/19 v1.4h Standard LaTeX file (size option)
)
\c@part=\count79
\c@chapter=\count80
\c@section=\count81
\c@subsection=\count82
\c@subsubsection=\count83
\c@paragraph=\count84
\c@subparagraph=\count85
\c@figure=\count86
\c@table=\count87
\abovecaptionskip=\skip41
\belowcaptionskip=\skip42
\bibindent=\dimen102
)
("C:\Program Files\MiKTeX 2.9\tex\latex\base\fontenc.sty"
Package: fontenc 2005/09/27 v1.99g Standard LaTeX package

("C:\Program Files\MiKTeX 2.9\tex\latex\base\t1enc.def"
File: t1enc.def 2005/09/27 v1.99g Standard LaTeX file
LaTeX Font Info:    Redeclaring font encoding T1 on input line 43.
))
("C:\Program Files\MiKTeX 2.9\tex\latex\base\inputenc.sty"
Package: inputenc 2008/03/30 v1.1d Input encoding file
\inpenc@prehook=\toks14
\inpenc@posthook=\toks15

("C:\Program Files\MiKTeX 2.9\tex\latex\base\latin1.def"
File: latin1.def 2008/03/30 v1.1d Input encoding file
))
("C:\Program Files\MiKTeX 2.9\tex\generic\babel\babel.sty"
Package: babel 2008/07/08 v3.8m The Babel package

*************************************
* Local config file bblopts.cfg used
*
("C:\Program Files\MiKTeX 2.9\tex\latex\00miktex\bblopts.cfg"
File: bblopts.cfg 2006/07/31 v1.0 MiKTeX 'babel' configuration
)
("C:\Program Files\MiKTeX 2.9\tex\generic\babel\frenchb.ldf"
Language: frenchb 2009/03/16 v2.3d French support from the babel system

("C:\Program Files\MiKTeX 2.9\tex\generic\babel\babel.def"
File: babel.def 2008/07/08 v3.8m Babel common definitions
\babel@savecnt=\count88
\U@D=\dimen103
)
Package babel Info: Making : an active character on input line 120.
Package babel Info: Making ; an active character on input line 121.
Package babel Info: Making ! an active character on input line 122.
Package babel Info: Making ? an active character on input line 123.
\FB@Mht=\dimen104
\std@mcc=\count89
\dec@mcc=\count90
\parindentFFN=\dimen105

*************************************
* Local config file frenchb.cfg used
*
("C:\Program Files\MiKTeX 2.9\tex\generic\babel\frenchb.cfg")))
("C:\Program Files\MiKTeX 2.9\tex\latex\carlisle\scalefnt.sty")
("C:\Program Files\MiKTeX 2.9\tex\latex\graphics\keyval.sty"
Package: keyval 1999/03/16 v1.13 key=value parser (DPC)
\KV@toks@=\toks16
)
("C:\Program Files\MiKTeX 2.9\tex\latex\a4wide\a4wide.sty"
Package: a4wide 1994/08/30

("C:\Program Files\MiKTeX 2.9\tex\latex\ntgclass\a4.sty"
Package: a4 2004/04/15 v1.2g A4 based page layout
))
("C:\Program Files\MiKTeX 2.9\tex\latex\eurosym\eurosym.sty"
Package: eurosym 1998/08/06 v1.1 European currency symbol ``Euro''
\@eurobox=\box26
)
("C:\Program Files\MiKTeX 2.9\tex\latex\graphics\graphics.sty"
Package: graphics 2009/02/05 v1.0o Standard LaTeX Graphics (DPC,SPQR)

("C:\Program Files\MiKTeX 2.9\tex\latex\graphics\trig.sty"
Package: trig 1999/03/16 v1.09 sin cos tan (DPC)
)
("C:\Program Files\MiKTeX 2.9\tex\latex\00miktex\graphics.cfg"
File: graphics.cfg 2007/01/18 v1.5 graphics configuration of teTeX/TeXLive
)
Package graphics Info: Driver file: dvips.def on input line 91.

("C:\Program Files\MiKTeX 2.9\tex\latex\graphics\dvips.def"
File: dvips.def 1999/02/16 v3.0i Driver-dependant file (DPC,SPQR)
))
("C:\Program Files\MiKTeX 2.9\tex\latex\graphics\graphicx.sty"
Package: graphicx 1999/02/16 v1.0f Enhanced LaTeX Graphics (DPC,SPQR)
\Gin@req@height=\dimen106
\Gin@req@width=\dimen107
)
("C:\Program Files\MiKTeX 2.9\tex\latex\tools\tabularx.sty"
Package: tabularx 1999/01/07 v2.07 `tabularx' package (DPC)

("C:\Program Files\MiKTeX 2.9\tex\latex\tools\array.sty"
Package: array 2008/09/09 v2.4c Tabular extension package (FMi)
\col@sep=\dimen108
\extrarowheight=\dimen109
\NC@list=\toks17
\extratabsurround=\skip43
\backup@length=\skip44
)
\TX@col@width=\dimen110
\TX@old@table=\dimen111
\TX@old@col=\dimen112
\TX@target=\dimen113
\TX@delta=\dimen114
\TX@cols=\count91
\TX@ftn=\toks18
)
("C:\Program Files\MiKTeX 2.9\tex\latex\psnfss\pifont.sty"
Package: pifont 2005/04/12 PSNFSS-v9.2a Pi font support (SPQR) 
LaTeX Font Info:    Try loading font information for U+pzd on input line 63.

("C:\Program Files\MiKTeX 2.9\tex\latex\psnfss\upzd.fd"
File: upzd.fd 2001/06/04 font definitions for U/pzd.
)
LaTeX Font Info:    Try loading font information for U+psy on input line 64.

("C:\Program Files\MiKTeX 2.9\tex\latex\psnfss\upsy.fd"
File: upsy.fd 2001/06/04 font definitions for U/psy.
))
("C:\Program Files\MiKTeX 2.9\tex\latex\colortbl\colortbl.sty"
Package: colortbl 2001/02/13 v0.1j Color table columns (DPC)

("C:\Program Files\MiKTeX 2.9\tex\latex\graphics\color.sty"
Package: color 2005/11/14 v1.0j Standard LaTeX Color (DPC)

("C:\Program Files\MiKTeX 2.9\tex\latex\00miktex\color.cfg"
File: color.cfg 2007/01/18 v1.5 color configuration of teTeX/TeXLive
)
Package color Info: Driver file: dvips.def on input line 130.

("C:\Program Files\MiKTeX 2.9\tex\latex\graphics\dvipsnam.def"
File: dvipsnam.def 1999/02/16 v3.0i Driver-dependant file (DPC,SPQR)
))
\everycr=\toks19
\minrowclearance=\skip45
)
("C:\Program Files\MiKTeX 2.9\tex\latex\fancyhdr\fancyhdr.sty"
\fancy@headwidth=\skip46
\f@ncyO@elh=\skip47
\f@ncyO@erh=\skip48
\f@ncyO@olh=\skip49
\f@ncyO@orh=\skip50
\f@ncyO@elf=\skip51
\f@ncyO@erf=\skip52
\f@ncyO@olf=\skip53
\f@ncyO@orf=\skip54
)
("C:\Program Files\MiKTeX 2.9\tex\latex\fancybox\fancybox.sty"
Package: fancybox 2010/05/15 1.4

Style option: `fancybox' v1.4 <2010/05/15> (tvz)
\@fancybox=\box27
\shadowsize=\dimen115
\@Sbox=\box28
\do@VerbBox=\toks20
\the@fancyput=\toks21
\this@fancyput=\toks22
\EndVerbatimTokens=\toks23
\Verbatim@Outfile=\write3
\Verbatim@Infile=\read1
) ("C:\Program Files\MiKTeX 2.9\tex\latex\minitoc\minitoc.sty"
Package: minitoc 2008/07/16 v60 Package minitoc (JPFD)

("C:\Program Files\MiKTeX 2.9\tex\latex\minitoc\mtcmess.sty"
Package: mtcmess 2006/03/14
)
Package minitoc Info: I0001
(minitoc)             *** minitoc package, version 60 ***.
\tf@mtc=\write4
\mtcindent=\skip55
\mtcskipamount=\skip56
Package minitoc Info: I0005
(minitoc)             compatible with hyperref.
Package minitoc Info: I0023
(minitoc)             part level macros available.
Package minitoc Info: I0003
(minitoc)             chapter level macros available.
\mtc@toks=\toks24
\mtc@strutbox=\box29
\mtc@hstrutbox=\box30
Package minitoc Info: I0002
(minitoc)             Autoconfiguration of extensions.

(C:\Users\kalawa\Documents\These\Manuscrit\ThesesLatex\these.mtc0)
Package minitoc Info: I0012
(minitoc)             Long extensions (Unix-like) will be used.
Package minitoc Info: I0031
(minitoc)             ==> this version is configured for UNIX-like 
(minitoc)                 (long extensions) file names.
\c@mtc=\count92
\c@minitocdepth=\count93
\c@ptc=\count94
\c@parttocdepth=\count95
\ptcindent=\skip57
Package minitoc Info: I0010
(minitoc)             The english language is selected.
(minitoc)              on input line 4910.

("C:\Program Files\MiKTeX 2.9\tex\latex\minitoc\english.mld"
File: english.mld 2006/01/13
)
("C:\Program Files\MiKTeX 2.9\tex\latex\minitoc\english.mld"
File: english.mld 2006/01/13
)
Package minitoc Info: I0010
(minitoc)             The francais language is selected.
(minitoc)              on input line 4911.

("C:\Program Files\MiKTeX 2.9\tex\latex\minitoc\francais.mld"
File: francais.mld 2004/12/14
Package minitoc Info: I0010
(minitoc)             The french language is selected.
(minitoc)              on input line 32.

("C:\Program Files\MiKTeX 2.9\tex\latex\minitoc\french.mld"
File: french.mld 2006/03/21
)))
(C:\Users\kalawa\Documents\These\Manuscrit\ThesesLatex\listings.sty
\lst@mode=\count96
\lst@gtempboxa=\box31
\lst@token=\toks25
\lst@length=\count97
\lst@currlwidth=\dimen116
\lst@column=\count98
\lst@pos=\count99
\lst@lostspace=\dimen117
\lst@width=\dimen118
\lst@newlines=\count100
\lst@lineno=\count101
\lst@maxwidth=\dimen119

("C:\Program Files\MiKTeX 2.9\tex\latex\listings\lstmisc.sty"
File: lstmisc.sty 2007/02/22 1.4 (Carsten Heinz)
\c@lstnumber=\count102
\lst@skipnumbers=\count103
\lst@framebox=\box32
)
("C:\Program Files\MiKTeX 2.9\tex\latex\listings\listings.cfg"
File: listings.cfg 2007/02/22 1.4 listings configuration
))
Package: listings 2007/02/22 1.4 (Carsten Heinz)
\cb@read=\read2

("C:\Program Files\MiKTeX 2.9\tex\latex\bibtopic\bibtopic.sty"
Package: bibtopic 2006/09/08 v1.1a Sectioned Bibliographies

("C:\Program Files\MiKTeX 2.9\tex\latex\base\ifthen.sty"
Package: ifthen 2001/05/26 v1.1c Standard LaTeX ifthen package (DPC)
)
\c@btauxfile=\count104
\bt@infilea=\read3
\bt@infileb=\read4
\bt@outfile=\write5
\bt@tempboxa=\box33
)
("C:\Program Files\MiKTeX 2.9\tex\latex\tools\layout.sty"
Package: layout 2000/09/25 v1.2c Show layout parameters
\oneinch=\count105
\cnt@paperwidth=\count106
\cnt@paperheight=\count107
\cnt@hoffset=\count108
\cnt@voffset=\count109
\cnt@textheight=\count110
\cnt@textwidth=\count111
\cnt@topmargin=\count112
\cnt@oddsidemargin=\count113
\cnt@evensidemargin=\count114
\cnt@headheight=\count115
\cnt@headsep=\count116
\cnt@marginparsep=\count117
\cnt@marginparwidth=\count118
\cnt@marginparpush=\count119
\cnt@footskip=\count120
\fheight=\count121
\ref@top=\count122
\ref@hoffset=\count123
\ref@voffset=\count124
\ref@head=\count125
\ref@body=\count126
\ref@foot=\count127
\ref@margin=\count128
\ref@marginwidth=\count129
\ref@marginpar=\count130
\Interval=\count131
\ExtraYPos=\count132
\PositionX=\count133
\PositionY=\count134
\ArrowLength=\count135
)
("C:\Program Files\MiKTeX 2.9\tex\latex\graphics\lscape.sty"
Package: lscape 2000/10/22 v3.01 Landscape Pages (DPC)
)
("C:\Program Files\MiKTeX 2.9\tex\latex\algorithms\algorithmic.sty"
Package: algorithmic 2009/08/24 v0.1 Document Style `algorithmic'
\c@ALC@unique=\count136
\c@ALC@line=\count137
\c@ALC@rem=\count138
\c@ALC@depth=\count139
\ALC@tlm=\skip58
\algorithmicindent=\skip59
)
("C:\Program Files\MiKTeX 2.9\tex\latex\algorithms\algorithm.sty"
Package: algorithm 2009/08/24 v0.1 Document Style `algorithm' - floating enviro
nment

("C:\Program Files\MiKTeX 2.9\tex\latex\float\float.sty"
Package: float 2001/11/08 v1.3d Float enhancements (AL)
\c@float@type=\count140
\float@exts=\toks26
\float@box=\box34
\@float@everytoks=\toks27
\@floatcapt=\box35
)
\@float@every@algorithm=\toks28
\c@algorithm=\count141
)
("C:\Program Files\MiKTeX 2.9\tex\latex\subfig\subfig.sty"
Package: subfig 2005/06/28 ver: 1.3 subfig package

("C:\Program Files\MiKTeX 2.9\tex\latex\caption\caption.sty"
Package: caption 2012/02/19 v3.2f Customizing captions (AR)

("C:\Program Files\MiKTeX 2.9\tex\latex\caption\caption3.sty"
Package: caption3 2012/01/12 v1.4b caption3 kernel (AR)
\captionmargin=\dimen120
\captionmargin@=\dimen121
\captionwidth=\dimen122
\caption@indent=\dimen123
\caption@parindent=\dimen124
\caption@hangindent=\dimen125
)
\c@ContinuedFloat=\count142
Package caption Info: float package is loaded.
Package caption Info: listings package is loaded.
)
\c@KVtest=\count143
\sf@farskip=\skip60
\sf@captopadj=\dimen126
\sf@capskip=\skip61
\sf@nearskip=\skip62
\c@subfigure=\count144
\c@subfigure@save=\count145
\c@lofdepth=\count146
\c@subtable=\count147
\c@subtable@save=\count148
\c@lotdepth=\count149
\sf@top=\skip63
\sf@bottom=\skip64
)
(C:\Users\kalawa\Documents\These\Manuscrit\ThesesLatex\multirow.sty
\bigstrutjot=\dimen127
)
("C:\Program Files\MiKTeX 2.9\tex\latex\ams\math\amsmath.sty"
Package: amsmath 2000/07/18 v2.13 AMS math features
\@mathmargin=\skip65

For additional information on amsmath, use the `?' option.
("C:\Program Files\MiKTeX 2.9\tex\latex\ams\math\amstext.sty"
Package: amstext 2000/06/29 v2.01

("C:\Program Files\MiKTeX 2.9\tex\latex\ams\math\amsgen.sty"
File: amsgen.sty 1999/11/30 v2.0
\@emptytoks=\toks29
\ex@=\dimen128
))
("C:\Program Files\MiKTeX 2.9\tex\latex\ams\math\amsbsy.sty"
Package: amsbsy 1999/11/29 v1.2d
\pmbraise@=\dimen129
)
("C:\Program Files\MiKTeX 2.9\tex\latex\ams\math\amsopn.sty"
Package: amsopn 1999/12/14 v2.01 operator names
)
\inf@bad=\count150
LaTeX Info: Redefining \frac on input line 211.
\uproot@=\count151
\leftroot@=\count152
LaTeX Info: Redefining \overline on input line 307.
\classnum@=\count153
\DOTSCASE@=\count154
LaTeX Info: Redefining \ldots on input line 379.
LaTeX Info: Redefining \dots on input line 382.
LaTeX Info: Redefining \cdots on input line 467.
\Mathstrutbox@=\box36
\strutbox@=\box37
\big@size=\dimen130
LaTeX Font Info:    Redeclaring font encoding OML on input line 567.
LaTeX Font Info:    Redeclaring font encoding OMS on input line 568.
\macc@depth=\count155
\c@MaxMatrixCols=\count156
\dotsspace@=\muskip10
\c@parentequation=\count157
\dspbrk@lvl=\count158
\tag@help=\toks30
\row@=\count159
\column@=\count160
\maxfields@=\count161
\andhelp@=\toks31
\eqnshift@=\dimen131
\alignsep@=\dimen132
\tagshift@=\dimen133
\tagwidth@=\dimen134
\totwidth@=\dimen135
\lineht@=\dimen136
\@envbody=\toks32
\multlinegap=\skip66
\multlinetaggap=\skip67
\mathdisplay@stack=\toks33
LaTeX Info: Redefining \[ on input line 2666.
LaTeX Info: Redefining \] on input line 2667.
)
("C:\Program Files\MiKTeX 2.9\tex\latex\amsfonts\amssymb.sty"
Package: amssymb 2009/06/22 v3.00

("C:\Program Files\MiKTeX 2.9\tex\latex\amsfonts\amsfonts.sty"
Package: amsfonts 2009/06/22 v3.00 Basic AMSFonts support
\symAMSa=\mathgroup4
\symAMSb=\mathgroup5
LaTeX Font Info:    Overwriting math alphabet `\mathfrak' in version `bold'
(Font)                  U/euf/m/n --> U/euf/b/n on input line 96.
))
("C:\Program Files\MiKTeX 2.9\tex\latex\lettrine\lettrine.sty"
File: lettrine.sty 2012/07/20 v1.63 (Daniel Flipo)
\c@DefaultLines=\count162
\DefaultFindent=\dimen137
\DefaultNindent=\dimen138
\DefaultSlope=\dimen139
\L@lbox=\box38
\L@tbox=\box39
\c@L@lines=\count163
\L@Pindent=\dimen140
\L@Findent=\dimen141
\L@Nindent=\dimen142
\L@lraise=\dimen143
\L@first=\dimen144
\L@next=\dimen145
\L@slope=\dimen146
\L@height=\dimen147
\LettrineWidth=\dimen148

Loading lettrine.cfg
("C:\Program Files\MiKTeX 2.9\tex\latex\lettrine\lettrine.cfg"))
("C:\Program Files\MiKTeX 2.9\tex\latex\pslatex\pslatex.sty"
Package: pslatex 1996/07/24 v1.2 pslatex emulation (DPC)
LaTeX Font Info:    Redeclaring symbol font `operators' on input line 65.
LaTeX Font Info:    Overwriting symbol font `operators' in version `normal'
(Font)                  OT1/cmr/m/n --> OT1/ptmcm/m/n on input line 65.
LaTeX Font Info:    Overwriting symbol font `operators' in version `bold'
(Font)                  OT1/cmr/bx/n --> OT1/ptmcm/m/n on input line 65.
LaTeX Font Info:    Redeclaring symbol font `letters' on input line 66.
LaTeX Font Info:    Overwriting symbol font `letters' in version `normal'
(Font)                  OML/cmm/m/it --> OML/ptmcm/m/it on input line 66.
LaTeX Font Info:    Overwriting symbol font `letters' in version `bold'
(Font)                  OML/cmm/b/it --> OML/ptmcm/m/it on input line 66.
LaTeX Font Info:    Redeclaring symbol font `symbols' on input line 67.
LaTeX Font Info:    Overwriting symbol font `symbols' in version `normal'
(Font)                  OMS/cmsy/m/n --> OMS/pzccm/m/n on input line 67.
LaTeX Font Info:    Overwriting symbol font `symbols' in version `bold'
(Font)                  OMS/cmsy/b/n --> OMS/pzccm/m/n on input line 67.
LaTeX Font Info:    Redeclaring symbol font `largesymbols' on input line 68.
LaTeX Font Info:    Overwriting symbol font `largesymbols' in version `normal'
(Font)                  OMX/cmex/m/n --> OMX/psycm/m/n on input line 68.
LaTeX Font Info:    Overwriting symbol font `largesymbols' in version `bold'
(Font)                  OMX/cmex/m/n --> OMX/psycm/m/n on input line 68.
\symbold=\mathgroup6
\symitalic=\mathgroup7
LaTeX Font Info:    Redeclaring math alphabet \mathbf on input line 74.
LaTeX Font Info:    Overwriting math alphabet `\mathbf' in version `normal'
(Font)                  OT1/cmr/bx/n --> OT1/ptm/bx/n on input line 74.
LaTeX Font Info:    Overwriting math alphabet `\mathbf' in version `bold'
(Font)                  OT1/cmr/bx/n --> OT1/ptm/bx/n on input line 74.
LaTeX Font Info:    Redeclaring math alphabet \mathit on input line 75.
LaTeX Font Info:    Overwriting math alphabet `\mathit' in version `normal'
(Font)                  OT1/cmr/m/it --> OT1/ptm/m/it on input line 75.
LaTeX Font Info:    Overwriting math alphabet `\mathit' in version `bold'
(Font)                  OT1/cmr/bx/it --> OT1/ptm/m/it on input line 75.
)
("C:\Program Files\MiKTeX 2.9\tex\latex\hyperref\hyperref.sty"
Package: hyperref 2012/05/13 v6.82q Hypertext links for LaTeX

("C:\Program Files\MiKTeX 2.9\tex\generic\oberdiek\hobsub-hyperref.sty"
Package: hobsub-hyperref 2012/04/25 v1.12 Bundle oberdiek, subset hyperref (HO)


("C:\Program Files\MiKTeX 2.9\tex\generic\oberdiek\hobsub-generic.sty"
Package: hobsub-generic 2012/04/25 v1.12 Bundle oberdiek, subset generic (HO)
Package: hobsub 2012/04/25 v1.12 Construct package bundles (HO)
Package: infwarerr 2010/04/08 v1.3 Providing info/warning/error messages (HO)
Package: ltxcmds 2011/11/09 v1.22 LaTeX kernel commands for general use (HO)
Package: ifluatex 2010/03/01 v1.3 Provides the ifluatex switch (HO)
Package ifluatex Info: LuaTeX not detected.
Package: ifvtex 2010/03/01 v1.5 Detect VTeX and its facilities (HO)
Package ifvtex Info: VTeX not detected.
Package: intcalc 2007/09/27 v1.1 Expandable calculations with integers (HO)
Package: ifpdf 2011/01/30 v2.3 Provides the ifpdf switch (HO)
Package ifpdf Info: pdfTeX in PDF mode is not detected.
Package: etexcmds 2011/02/16 v1.5 Avoid name clashes with e-TeX commands (HO)
Package etexcmds Info: Could not find \expanded.
(etexcmds)             That can mean that you are not using pdfTeX 1.50 or
(etexcmds)             that some package has redefined \expanded.
(etexcmds)             In the latter case, load this package earlier.
Package: kvsetkeys 2012/04/25 v1.16 Key value parser (HO)
Package: kvdefinekeys 2011/04/07 v1.3 Define keys (HO)
Package: pdftexcmds 2011/11/29 v0.20 Utility functions of pdfTeX for LuaTeX (HO
)
Package pdftexcmds Info: LuaTeX not detected.
Package pdftexcmds Info: \pdf@primitive is available.
Package pdftexcmds Info: \pdf@ifprimitive is available.
Package pdftexcmds Info: \pdfdraftmode is ignored in DVI mode.
Package: pdfescape 2011/11/25 v1.13 Implements pdfTeX's escape features (HO)
Package: bigintcalc 2012/04/08 v1.3 Expandable calculations on big integers (HO
)
Package: bitset 2011/01/30 v1.1 Handle bit-vector datatype (HO)
Package: uniquecounter 2011/01/30 v1.2 Provide unlimited unique counter (HO)
)
Package hobsub Info: Skipping package `hobsub' (already loaded).
Package: letltxmacro 2010/09/02 v1.4 Let assignment for LaTeX macros (HO)
Package: hopatch 2011/06/24 v1.1 Wrapper for package hooks (HO)
Package: xcolor-patch 2011/01/30 xcolor patch
Package: atveryend 2011/06/30 v1.8 Hooks at the very end of document (HO)
Package atveryend Info: \enddocument detected (standard20110627).
Package: atbegshi 2011/10/05 v1.16 At begin shipout hook (HO)
Package: refcount 2011/10/16 v3.4 Data extraction from label references (HO)
Package: hycolor 2011/01/30 v1.7 Color options for hyperref/bookmark (HO)
)
("C:\Program Files\MiKTeX 2.9\tex\generic\ifxetex\ifxetex.sty"
Package: ifxetex 2010/09/12 v0.6 Provides ifxetex conditional
)
("C:\Program Files\MiKTeX 2.9\tex\latex\oberdiek\kvoptions.sty"
Package: kvoptions 2011/06/30 v3.11 Key value format for package options (HO)
)
\@linkdim=\dimen149
\Hy@linkcounter=\count164
\Hy@pagecounter=\count165

("C:\Program Files\MiKTeX 2.9\tex\latex\hyperref\pd1enc.def"
File: pd1enc.def 2012/05/13 v6.82q Hyperref: PDFDocEncoding definition (HO)
)
\Hy@SavedSpaceFactor=\count166

("C:\Program Files\MiKTeX 2.9\tex\latex\00miktex\hyperref.cfg"
File: hyperref.cfg 2002/06/06 v1.2 hyperref configuration of TeXLive
)
Package hyperref Info: Hyper figures OFF on input line 4062.
Package hyperref Info: Link nesting OFF on input line 4067.
Package hyperref Info: Hyper index ON on input line 4070.
Package hyperref Info: Plain pages OFF on input line 4077.
Package hyperref Info: Backreferencing OFF on input line 4082.
Package hyperref Info: Implicit mode ON; LaTeX internals redefined.
Package hyperref Info: Bookmarks ON on input line 4300.
\c@Hy@tempcnt=\count167

("C:\Program Files\MiKTeX 2.9\tex\latex\ltxmisc\url.sty"
\Urlmuskip=\muskip11
Package: url 2006/04/12  ver 3.3  Verb mode for urls, etc.
)
LaTeX Info: Redefining \url on input line 4653.
\Fld@menulength=\count168
\Field@Width=\dimen150
\Fld@charsize=\dimen151
Package hyperref Info: Hyper figures OFF on input line 5773.
Package hyperref Info: Link nesting OFF on input line 5778.
Package hyperref Info: Hyper index ON on input line 5781.
Package hyperref Info: backreferencing OFF on input line 5788.
Package hyperref Info: Link coloring OFF on input line 5793.
Package hyperref Info: Link coloring with OCG OFF on input line 5798.
Package hyperref Info: PDF/A mode OFF on input line 5803.
LaTeX Info: Redefining \ref on input line 5843.
LaTeX Info: Redefining \pageref on input line 5847.
\Hy@abspage=\count169
\c@Item=\count170
\c@Hfootnote=\count171
)

Package hyperref Message: Driver (default): hdvips.

("C:\Program Files\MiKTeX 2.9\tex\latex\hyperref\hdvips.def"
File: hdvips.def 2012/05/13 v6.82q Hyperref driver for dvips

("C:\Program Files\MiKTeX 2.9\tex\latex\hyperref\pdfmark.def"
File: pdfmark.def 2012/05/13 v6.82q Hyperref definitions for pdfmark specials
\pdf@docset=\toks34
\pdf@box=\box40
\pdf@toks=\toks35
\pdf@defaulttoks=\toks36
\Fld@listcount=\count172
\c@bookmark@seq@number=\count173

("C:\Program Files\MiKTeX 2.9\tex\latex\oberdiek\rerunfilecheck.sty"
Package: rerunfilecheck 2011/04/15 v1.7 Rerun checks for auxiliary files (HO)
Package uniquecounter Info: New unique counter `rerunfilecheck' on input line 2
82.
)
\Hy@SectionHShift=\skip68
))
\nomepigraphe=\box41
\c@prop=\count174
\c@guide=\count175
\c@def=\count176
\c@idrul=\count177
Package hyperref Info: Option `unicode' set `false' on input line 190.
Package hyperref Info: Option `pdftoolbar' set `true' on input line 190.
Package hyperref Info: Option `pdfmenubar' set `true' on input line 190.
Package hyperref Info: Option `pdffitwindow' set `false' on input line 190.
Package hyperref Info: Option `pdfnewwindow' set `true' on input line 190.
Package hyperref Info: Option `colorlinks' set `false' on input line 190.

(C:\Users\kalawa\Documents\These\Manuscrit\ThesesLatex\these.aux)
LaTeX Font Info:    Checking defaults for OML/cmm/m/it on input line 195.
LaTeX Font Info:    ... okay on input line 195.
LaTeX Font Info:    Checking defaults for T1/cmr/m/n on input line 195.
LaTeX Font Info:    ... okay on input line 195.
LaTeX Font Info:    Checking defaults for OT1/cmr/m/n on input line 195.
LaTeX Font Info:    ... okay on input line 195.
LaTeX Font Info:    Checking defaults for OMS/pzccm/m/n on input line 195.
LaTeX Font Info:    Try loading font information for OMS+pzccm on input line 19
5.

("C:\Program Files\MiKTeX 2.9\tex\latex\psnfss\omspzccm.fd"
File: omspzccm.fd 2000/01/03 Fontinst v1.801 font definitions for OMS/pzccm.
)
LaTeX Font Info:    ... okay on input line 195.
LaTeX Font Info:    Checking defaults for OMX/cmex/m/n on input line 195.
LaTeX Font Info:    ... okay on input line 195.
LaTeX Font Info:    Checking defaults for U/cmr/m/n on input line 195.
LaTeX Font Info:    ... okay on input line 195.
LaTeX Font Info:    Checking defaults for PD1/pdf/m/n on input line 195.
LaTeX Font Info:    ... okay on input line 195.
LaTeX Info: Redefining \degres on input line 195.
LaTeX Info: Redefining \dots on input line 195.
LaTeX Info: Redefining \up on input line 195.
\c@minilofdepth=\count178
\c@minilotdepth=\count179
\c@partlofdepth=\count180
\c@partlotdepth=\count181
\c@sectlofdepth=\count182
\c@sectlotdepth=\count183
Package minitoc(hints) Info: I0049
(minitoc(hints))             ==> You requested the hints option. 
(minitoc(hints))             Some hints are eventually given below.


Package minitoc(hints) Warning: W0030
(minitoc(hints))                --- The \part command is altered 
(minitoc(hints))                after minitoc.


Package minitoc(hints) Warning: W0023
(minitoc(hints))                --- It may be the consequence 
(minitoc(hints))                of loading the ``hyperref'' package.


Package minitoc(hints) Warning: W0028
(minitoc(hints))                --- The \chapter command is altered 
(minitoc(hints))                after minitoc.


Package minitoc(hints) Warning: W0023
(minitoc(hints))                --- It may be the consequence 
(minitoc(hints))                of loading the ``hyperref'' package.

\c@lstlisting=\count184
Package caption Info: Begin \AtBeginDocument code.
Package caption Info: subfig package v1.3 is loaded.
Package caption Info: hyperref package is loaded.
Package caption Info: End \AtBeginDocument code.
\AtBeginShipoutBox=\box42
Package hyperref Info: Link coloring OFF on input line 195.
("C:\Program Files\MiKTeX 2.9\tex\latex\hyperref\nameref.sty"
Package: nameref 2010/04/30 v2.40 Cross-referencing by name of section

("C:\Program Files\MiKTeX 2.9\tex\generic\oberdiek\gettitlestring.sty"
Package: gettitlestring 2010/12/03 v1.4 Cleanup title references (HO)
)
\c@section@level=\count185
)
LaTeX Info: Redefining \ref on input line 195.
LaTeX Info: Redefining \pageref on input line 195.
LaTeX Info: Redefining \nameref on input line 195.

(C:\Users\kalawa\Documents\These\Manuscrit\ThesesLatex\these.out)
(C:\Users\kalawa\Documents\These\Manuscrit\ThesesLatex\these.out)
\@outlinefile=\write6
Package minitoc Info: I0024
(minitoc)             PREPARING MINITOCS FROM these.toc on input line 211.
Package minitoc Info: I0033
(minitoc)             Writing these.mtc1.
Package minitoc Info: I0033
(minitoc)             Writing these.mtc2.
Package minitoc Info: I0033
(minitoc)             Writing these.mtc3.
Package minitoc Info: I0033
(minitoc)             Writing these.mtc4.
Package minitoc Info: I0033
(minitoc)             Writing these.mtc5.
Package minitoc Info: I0033
(minitoc)             Writing these.mtc6.
\tf@toc=\write7
LaTeX Font Info:    Font shape `T1/ptm/bx/n' in size <20.74> not available
(Font)              Font shape `T1/ptm/b/n' tried instead on input line 217.
LaTeX Font Info:    Font shape `T1/ptm/bx/n' in size <24.88> not available
(Font)              Font shape `T1/ptm/b/n' tried instead on input line 217.
 [1



] [2]
Chapitre 1.
LaTeX Font Info:    Try loading font information for OT1+ptmcm on input line 22
2.
("C:\Program Files\MiKTeX 2.9\tex\latex\psnfss\ot1ptmcm.fd"
File: ot1ptmcm.fd 2000/01/03 Fontinst v1.801 font definitions for OT1/ptmcm.
)
LaTeX Font Info:    Try loading font information for OML+ptmcm on input line 22
2.

("C:\Program Files\MiKTeX 2.9\tex\latex\psnfss\omlptmcm.fd"
File: omlptmcm.fd 2000/01/03 Fontinst v1.801 font definitions for OML/ptmcm.
)
LaTeX Font Info:    Try loading font information for OMX+psycm on input line 22
2.

("C:\Program Files\MiKTeX 2.9\tex\latex\psnfss\omxpsycm.fd"
File: omxpsycm.fd 2000/01/03 Fontinst v1.801 font definitions for OMX/psycm.
)
LaTeX Font Info:    Try loading font information for U+msa on input line 222.

("C:\Program Files\MiKTeX 2.9\tex\latex\amsfonts\umsa.fd"
File: umsa.fd 2009/06/22 v3.00 AMS symbols A
)
LaTeX Font Info:    Try loading font information for U+msb on input line 222.

("C:\Program Files\MiKTeX 2.9\tex\latex\amsfonts\umsb.fd"
File: umsb.fd 2009/06/22 v3.00 AMS symbols B
)
LaTeX Font Info:    Font shape `OT1/ptm/bx/n' in size <10> not available
(Font)              Font shape `OT1/ptm/b/n' tried instead on input line 222.
LaTeX Font Info:    Font shape `OT1/ptm/bx/n' in size <7.4> not available
(Font)              Font shape `OT1/ptm/b/n' tried instead on input line 222.
LaTeX Font Info:    Font shape `OT1/ptm/bx/n' in size <6> not available
(Font)              Font shape `OT1/ptm/b/n' tried instead on input line 222.
LaTeX Font Info:    Font shape `T1/ptm/bx/n' in size <12> not available
(Font)              Font shape `T1/ptm/b/n' tried instead on input line 222.

(C:\Users\kalawa\Documents\These\Manuscrit\ThesesLatex\these.mtc1
LaTeX Font Info:    Font shape `T1/ptm/bx/n' in size <10> not available
(Font)              Font shape `T1/ptm/b/n' tried instead on input line 1.
)
(C:\Users\kalawa\Documents\These\Manuscrit\ThesesLatex\chap2/chapitre2.tex
LaTeX Font Info:    Font shape `T1/ptm/bx/n' in size <14.4> not available
(Font)              Font shape `T1/ptm/b/n' tried instead on input line 6.
LaTeX Font Info:    Font shape `T1/ptm/bx/n' in size <10.95> not available
(Font)              Font shape `T1/ptm/b/n' tried instead on input line 8.


LaTeX Warning: Citation `SebastienKubicki2011' on page 3 undefined on input lin
e 8.

File: chap1/img-3.eps Graphic file (type eps)
<chap1/img-3.eps>
Overfull \hbox (33.42163pt too wide) in paragraph at lines 13--15
 [] 
 []

[3

]
File: chap1/img-1.eps Graphic file (type eps)
 <chap1/img-1.eps>

LaTeX Warning: Citation `Kassoff2003' on page 4 undefined on input line 37.

LaTeX Font Info:    Font shape `OT1/ptm/bx/n' in size <10.95> not available
(Font)              Font shape `OT1/ptm/b/n' tried instead on input line 50.
LaTeX Font Info:    Font shape `OT1/ptm/bx/n' in size <8> not available
(Font)              Font shape `OT1/ptm/b/n' tried instead on input line 50.
[4]

LaTeX Warning: Citation `AppleComputerInc1995' on page 5 undefined on input lin
e 59.

File: chap1/img-2.eps Graphic file (type eps)
<chap1/img-2.eps>

LaTeX Warning: `h' float specifier changed to `ht'.


LaTeX Warning: Citation `Xia2004' on page 5 undefined on input line 70.


LaTeX Warning: Citation `Beaudouin-Lafon2000' on page 5 undefined on input line
 76.

[5]
File: chap2/img-1.eps Graphic file (type eps)
 <chap2/img-1.eps>

LaTeX Warning: Citation `Dietz2001' on page 6 undefined on input line 93.


LaTeX Warning: Citation `MitsubishiElectricResearchLaboratoriesb' on page 6 und
efined on input line 93.


LaTeX Warning: Citation `Ullmer1997' on page 6 undefined on input line 93.


LaTeX Warning: Citation `Microsoft2011' on page 6 undefined on input line 93.

File: chap2/img-10.eps Graphic file (type eps)
<chap2/img-10.eps>

LaTeX Warning: `h' float specifier changed to `ht'.


LaTeX Warning: Citation `Ishii1997' on page 6 undefined on input line 111.


LaTeX Warning: Citation `Ishii1997' on page 6 undefined on input line 111.


LaTeX Warning: Citation `MenuTangible' on page 6 undefined on input line 112.


LaTeX Warning: Citation `Kubicki2009' on page 6 undefined on input line 112.

File: chap2/img-12.eps Graphic file (type eps)
<chap2/img-12.eps> [6] [7]

LaTeX Warning: Citation `Shen2004' on page 8 undefined on input line 141.

File: chap2/img-16.eps Graphic file (type eps)
<chap2/img-16.eps>

LaTeX Warning: Citation `Microsoft2012' on page 8 undefined on input line 149.


LaTeX Warning: Citation `MicrosoftWPF2012' on page 8 undefined on input line 14
9.


LaTeX Warning: Citation `MicrosoftXNA2012' on page 8 undefined on input line 14
9.

File: chap2/img-4.eps Graphic file (type eps)
<chap2/img-4.eps>

LaTeX Warning: Citation `Besacier2007' on page 8 undefined on input line 159.


Underfull \hbox (badness 10000) in paragraph at lines 159--161

 []

[8]

LaTeX Warning: Citation `Nigay1994a' on page 9 undefined on input line 167.


LaTeX Warning: Citation `Nigay1994a' on page 9 undefined on input line 167.


Underfull \hbox (badness 10000) in paragraph at lines 170--171

 []

[9]

LaTeX Warning: Citation `December2001' on page 10 undefined on input line 191.


LaTeX Warning: Citation `December2001' on page 10 undefined on input line 191.


Underfull \hbox (badness 10000) in paragraph at lines 193--194

 []


Underfull \vbox (badness 10000) has occurred while \output is active []

 [10]
Underfull \hbox (badness 10000) in paragraph at lines 225--226

 []


Underfull \hbox (badness 10000) in paragraph at lines 230--231

 []


Underfull \hbox (badness 10000) in paragraph at lines 238--239

 []


Underfull \hbox (badness 10000) in paragraph at lines 243--245

 []

[11]

LaTeX Warning: Citation `Besacier2007' on page 12 undefined on input line 253.


Underfull \hbox (badness 10000) in paragraph at lines 253--254

 []


LaTeX Warning: Citation `Vanderdonckt1997' on page 12 undefined on input line 2
57.


LaTeX Warning: Citation `Microsoft2011' on page 12 undefined on input line 263.



LaTeX Warning: Citation `Steinberg2012' on page 12 undefined on input line 263.


[12]
Underfull \hbox (badness 10000) in paragraph at lines 280--281

 []


Underfull \hbox (badness 10000) in paragraph at lines 286--287

 []

[13]

LaTeX Warning: Citation `Dietz2001' on page 14 undefined on input line 319.

File: chap2/img-22.eps Graphic file (type eps)
<chap2/img-22.eps>

LaTeX Warning: `h' float specifier changed to `ht'.


Underfull \hbox (badness 10000) in paragraph at lines 331--333

 []


Package frenchb.ldf Warning: Degrees would look better in TS1-encoding: 
(frenchb.ldf)                add \usepackage{textcomp} to the preamble. 
(frenchb.ldf)                Degrees used on input line 335.

File: chap2/img-13.eps Graphic file (type eps)
<chap2/img-13.eps> [14]

LaTeX Warning: `h' float specifier changed to `ht'.


LaTeX Warning: Citation `Microsoft2011' on page 15 undefined on input line 351.


File: chap1/img-12.eps Graphic file (type eps)
<chap1/img-12.eps>
File: chap1/img-13.eps Graphic file (type eps)
 <chap1/img-13.eps>

LaTeX Warning: `h' float specifier changed to `ht'.

[15]
File: chap2/img-23-1.eps Graphic file (type eps)
 <chap2/img-23-1.eps>
Overfull \hbox (7.38551pt too wide) in paragraph at lines 390--391
 [] 
 []


LaTeX Warning: Float too large for page by 177.53137pt on input line 394.


LaTeX Warning: `h' float specifier changed to `ht'.


LaTeX Warning: Citation `UIMS1992' on page 16 undefined on input line 402.


LaTeX Warning: Citation `Krasner1988' on page 16 undefined on input line 402.


LaTeX Warning: Citation `UIMS1992' on page 16 undefined on input line 405.


LaTeX Warning: Citation `Pfaff1985' on page 16 undefined on input line 405.


LaTeX Warning: Citation `Valdes1989' on page 16 undefined on input line 405.

File: chap2/img-7.eps Graphic file (type eps)
<chap2/img-7.eps> [16]

LaTeX Warning: `h' float specifier changed to `ht'.


LaTeX Warning: Citation `Thevenin2002' on page 17 undefined on input line 415.


LaTeX Warning: Citation `Thevenin2002' on page 17 undefined on input line 417.


LaTeX Warning: Citation `Pfaff1985' on page 17 undefined on input line 423.


LaTeX Warning: Citation `Krasner1988' on page 17 undefined on input line 427.

[17]
File: chap2/img-2.eps Graphic file (type eps)
 <chap2/img-2.eps>

LaTeX Warning: `h' float specifier changed to `ht'.

[18]

LaTeX Warning: Citation `Vlist2011' on page 19 undefined on input line 457.


LaTeX Warning: Citation `Gellersen1995' on page 19 undefined on input line 461.


File: chap2/img-5.eps Graphic file (type eps)
<chap2/img-5.eps>

LaTeX Warning: `h' float specifier changed to `ht'.

[19]) [20] [21] [22] [23] [24] [25] [26] [27] [28]
Chapitre 2.
(C:\Users\kalawa\Documents\These\Manuscrit\ThesesLatex\these.mtc2)
(C:\Users\kalawa\Documents\These\Manuscrit\ThesesLatex\chap3/chapitre3.tex

LaTeX Warning: Citation `Mooney1995' on page 29 undefined on input line 5.


LaTeX Warning: Citation `McClure1992' on page 29 undefined on input line 5.


LaTeX Warning: Citation `McClure1992' on page 29 undefined on input line 5.

[29

]

LaTeX Warning: Citation `Wang2008' on page 30 undefined on input line 36.

[30]
File: chap3/img-12.eps Graphic file (type eps)
 <chap3/img-12.eps>

LaTeX Warning: `h' float specifier changed to `ht'.

[31]

LaTeX Warning: Citation `Besacier2010' on page 32 undefined on input line 111.


LaTeX Warning: Citation `Besacier2010' on page 32 undefined on input line 112.

[32]

LaTeX Warning: Citation `Besacier2007' on page 33 undefined on input line 119.


LaTeX Warning: Citation `Bartolomei2010' on page 33 undefined on input line 186
.


LaTeX Warning: Reference `DescriptiveLabel' on page 33 undefined on input line 
186.

[33]
Underfull \vbox (badness 3396) has occurred while \output is active []

 [34]

LaTeX Warning: Citation `Moore1997' on page 35 undefined on input line 244.


LaTeX Warning: Citation `Moore1997' on page 35 undefined on input line 251.


LaTeX Warning: Citation `VanDam1997' on page 35 undefined on input line 255.

File: chap3/img-5.eps Graphic file (type eps)
<chap3/img-5.eps>

LaTeX Warning: `h' float specifier changed to `ht'.

[35]

LaTeX Warning: Citation `Foley1990' on page 36 undefined on input line 308.


Underfull \hbox (badness 10000) in paragraph at lines 312--313

 []


Underfull \hbox (badness 10000) in paragraph at lines 315--316

 []


LaTeX Warning: Citation `Resnick1995' on page 36 undefined on input line 318.


LaTeX Warning: Citation `Moore1996' on page 36 undefined on input line 321.


LaTeX Warning: Citation `Ratiu2008' on page 36 undefined on input line 321.


LaTeX Warning: Citation `Moore1996' on page 36 undefined on input line 321.


LaTeX Warning: Citation `Ratiu2008' on page 36 undefined on input line 323.

[36]

LaTeX Warning: Citation `Ratiu2008' on page 37 undefined on input line 325.


LaTeX Warning: Citation `Moore1996' on page 37 undefined on input line 327.


LaTeX Warning: Citation `Moore1997' on page 37 undefined on input line 352.

[37]

LaTeX Warning: `h' float specifier changed to `ht'.

LaTeX Font Info:    Font shape `T1/ptm/bx/n' in size <9> not available
(Font)              Font shape `T1/ptm/b/n' tried instead on input line 552.

LaTeX Warning: Citation `Calvary2002' on page 38 undefined on input line 552.


LaTeX Warning: Citation `Calvary2002' on page 38 undefined on input line 552.

[38]

LaTeX Warning: Citation `Calvary2002' on page 39 undefined on input line 556.

[39]

LaTeX Warning: Citation `Paterno'2009' on page 40 undefined on input line 570.


LaTeX Warning: Citation `Vanderdonckt2004' on page 40 undefined on input line 5
70.

File: chap3/img-7.eps Graphic file (type eps)
<chap3/img-7.eps>

LaTeX Warning: Citation `Macias2006' on page 40 undefined on input line 595.


LaTeX Warning: Citation `Paterno2010' on page 40 undefined on input line 595.


LaTeX Warning: Citation `Macias2006' on page 40 undefined on input line 599.

[40]

LaTeX Warning: Citation `Paterno2010' on page 41 undefined on input line 627.


LaTeX Warning: Citation `Limbourg' on page 41 undefined on input line 642.

File: chap3/img-6.eps Graphic file (type eps)
<chap3/img-6.eps>

LaTeX Warning: `h' float specifier changed to `ht'.


LaTeX Warning: `h' float specifier changed to `ht'.

[41]

LaTeX Warning: Citation `Silva2012' on page 42 undefined on input line 707.

[42]

LaTeX Warning: Citation `Foley1990' on page 43 undefined on input line 773.


LaTeX Warning: Citation `Kong1999a' on page 43 undefined on input line 773.


LaTeX Warning: Citation `Besacier2007' on page 43 undefined on input line 774.


LaTeX Warning: Citation `Vanderdonckt2004' on page 43 undefined on input line 7
74.


LaTeX Warning: Citation `Paterno'2009' on page 43 undefined on input line 774.


LaTeX Warning: `h' float specifier changed to `ht'.


LaTeX Warning: Citation `Wu2003' on page 43 undefined on input line 850.


LaTeX Warning: Citation `Moore1997' on page 43 undefined on input line 850.


Underfull \vbox (badness 1502) has occurred while \output is active []

 [43]
[44]) [45] [46

] [47] [48]
Chapitre 3.
Package minitoc Info: I0006
(minitoc)             these.mtc3 is empty on input line 232.
[49

] [50

]
Chapitre 4.
Package minitoc Info: I0006
(minitoc)             these.mtc4 is empty on input line 237.
[51] [52

]
Chapitre 5.
Package minitoc Info: I0006
(minitoc)             these.mtc5 is empty on input line 242.
[53] [54

] [55] [56]
Chapitre 6.
Package minitoc Info: I0006
(minitoc)             these.mtc6 is empty on input line 248.

Package bibtopic Warning: Ignoring `\bibliography' command
(bibtopic)                (not compatible with bibtopic.sty) on input line 251.


[57

] [58

] (C:\Users\kalawa\Documents\These\Manuscrit\ThesesLatex\these.lof)
\tf@lof=\write8

[59] [60

] (C:\Users\kalawa\Documents\These\Manuscrit\ThesesLatex\these.lot)
\tf@lot=\write9
Package minitoc Info: I0009
(minitoc)             Listing minitoc auxiliary files. 
(minitoc)             Creating the these.maf file.


Package minitoc(hints) Warning: W0033
(minitoc(hints))                The caption package should be 
(minitoc(hints))                loaded BEFORE the minitoc package.

Package minitoc(hints) Info: I0053
(minitoc(hints))             You have loaded the float package; 
(minitoc(hints))             please be aware that the minitoc package 
(minitoc(hints))             facilities can not be used for new types 
(minitoc(hints))             of floats defined by the float package.

Package minitoc(hints) Warning: W0024
(minitoc(hints))                Some hints have been written 
(minitoc(hints))                in the these.log file.

Package atveryend Info: Empty hook `BeforeClearDocument' on input line 553.
[61]
Package atveryend Info: Empty hook `AfterLastShipout' on input line 553.
 (C:\Users\kalawa\Documents\These\Manuscrit\ThesesLatex\these.aux)
Package atveryend Info: Empty hook `AtVeryEndDocument' on input line 553.
Package atveryend Info: Executing hook `AtEndAfterFileList' on input line 553.
Package rerunfilecheck Info: File `these.out' has not changed.
(rerunfilecheck)             Checksum: FBA89760F70106AA6BDE15845DECD085;2642.


LaTeX Warning: There were undefined references.

Package atveryend Info: Empty hook `AtVeryVeryEnd' on input line 553.
 ) 
Here is how much of TeX's memory you used:
 12126 strings out of 494046
 174749 string characters out of 3148408
 302375 words of memory out of 3000000
 14971 multiletter control sequences out of 15000+200000
 57517 words of font info for 77 fonts, out of 3000000 for 9000
 715 hyphenation exceptions out of 8191
 44i,17n,43p,1730b,487s stack positions out of 5000i,500n,10000p,200000b,50000s

Output written on these.dvi (61 pages, 255492 bytes).
